Arguments: 
  C:\Program Files\nodejs\node.exe C:\Users\MaksK\.node\corepack\yarn\1.22.19\bin\yarn.js init

PATH: 
  P:\bin;C:\Program Files\Git\mingw64\bin;C:\Program Files\Git\usr\local\bin;C:\Program Files\Git\usr\bin;C:\Program Files\Git\usr\bin;C:\Program Files\Git\mingw64\bin;C:\Program Files\Git\usr\bin;P:\bin;C:\Program Files (x86)\Common Files\Oracle\Java\javapath;C:\Windows\system32;C:\Windows;C:\Windows\System32\Wbem;C:\Windows\System32\WindowsPowerShell\v1.0;C:\Windows\System32\OpenSSH;C:\Program Files\dotnet;C:\Program Files (x86)\IBM\Client Access\Emulator;C:\Program Files (x86)\IBM\Client Access\Shared;C:\Program Files (x86)\IBM\Client Access;C:\Program Files\Git\cmd;C:\Program Files\nodejs;C:\Users\MaksK\AppData\Local\Microsoft\WindowsApps;C:\Users\MaksK\AppData\Local\Programs\Microsoft VS Code\bin;C:\Users\MaksK\AppData\Local\Programs\Python\Python310;C:\Users\Maninder\AppData\Local\Programs\Python\Python310\Scripts;C:\Users\MaksK\AppData\Roaming\npm;C:\Program Files\Git\usr\bin\vendor_perl;C:\Program Files\Git\usr\bin\core_perl

Yarn version: 
  1.22.19

Node version: 
  16.16.0

Platform: 
  win32 x64

Trace: 
  Error: Can't answer a question unless a user TTY
      at ConsoleReporter.question (C:\Users\MaksK\.node\corepack\yarn\1.22.19\lib\cli.js:92864:59)
      at Object.<anonymous> (C:\Users\MaksK\.node\corepack\yarn\1.22.19\lib\cli.js:85054:38)
      at Generator.next (<anonymous>)
      at step (C:\Users\MaksK\.node\corepack\yarn\1.22.19\lib\cli.js:310:30)
      at C:\Users\MaksK\.node\corepack\yarn\1.22.19\lib\cli.js:321:13
      at processTicksAndRejections (node:internal/process/task_queues:96:5)

npm manifest: 
  {
    "dependencies": {
      "http": "^0.0.1-security",
      "node": "^18.7.0"
    }
  }

yarn manifest: 
  No manifest

Lockfile: 
  No lockfile
